5/24/2021, 10:28:43 AM - INFO - Server is running on port: 3030 
5/24/2021, 10:47:27 AM - DEBUG - auth.service - login with username: babush (sid: 1fO_DRqLsymLhGTC16742ItmtYeKMngb)
5/24/2021, 10:47:27 AM - ERROR - Failed to Login Invalid username or password (sid: 1fO_DRqLsymLhGTC16742ItmtYeKMngb)
5/24/2021, 10:48:37 AM - INFO - Server is running on port: 3030 
5/24/2021, 10:48:55 AM - DEBUG - auth.service - login with username: babush (sid: JKG5HJKpssGE1tQI4UO73YVMvVlTRZ10)
5/24/2021, 10:50:14 AM - DEBUG - auth.service - login with username: admin (sid: ypURsgte4Lhp3IK9ArWiqqEfhTUJjG-H)
5/24/2021, 10:50:29 AM - WARN - Master Adminov Attempt to perform admin action (sid: ypURsgte4Lhp3IK9ArWiqqEfhTUJjG-H)
5/24/2021, 10:51:18 AM - DEBUG - auth.service - login with username: admin (sid: 5pfWxc1ffVVd7QrYYU1bqTLOLhABqG7p)
5/24/2021, 10:51:58 AM - INFO - Req from: Master Adminov (sid: 5pfWxc1ffVVd7QrYYU1bqTLOLhABqG7p)
5/24/2021, 10:52:36 AM - DEBUG - Shouldnt happen, No socket in map (sid: 5pfWxc1ffVVd7QrYYU1bqTLOLhABqG7p)
5/24/2021, 10:52:36 AM - ERROR - Failed to update user | ReferenceError: review is not defined (sid: 5pfWxc1ffVVd7QrYYU1bqTLOLhABqG7p)
5/24/2021, 10:53:19 AM - DEBUG - Shouldnt happen, No socket in map (sid: 5pfWxc1ffVVd7QrYYU1bqTLOLhABqG7p)
5/24/2021, 10:53:19 AM - ERROR - Failed to update user | ReferenceError: review is not defined (sid: 5pfWxc1ffVVd7QrYYU1bqTLOLhABqG7p)
5/24/2021, 10:55:05 AM - DEBUG - Shouldnt happen, No socket in map (sid: 5pfWxc1ffVVd7QrYYU1bqTLOLhABqG7p)
5/24/2021, 10:55:05 AM - ERROR - Failed to update user | ReferenceError: review is not defined (sid: 5pfWxc1ffVVd7QrYYU1bqTLOLhABqG7p)
5/24/2021, 10:56:42 AM - INFO - Req from: Master Adminov (sid: 5pfWxc1ffVVd7QrYYU1bqTLOLhABqG7p)
5/24/2021, 11:04:25 AM - DEBUG - auth.service - login with username: admin (sid: oTlIoy6EjWPRiLTTYQHtyBwNYPEG4G4D)
5/24/2021, 11:04:32 AM - DEBUG - auth.service - login with username: user1 (sid: PRvFAJCXK7jz7Tekiv6-Ly-MmN9CwU2J)
5/24/2021, 11:04:34 AM - INFO - Req from: Puki Normativi? (sid: PRvFAJCXK7jz7Tekiv6-Ly-MmN9CwU2J)
5/24/2021, 11:04:46 AM - DEBUG - Shouldnt happen, No socket in map (sid: PRvFAJCXK7jz7Tekiv6-Ly-MmN9CwU2J)
5/24/2021, 11:04:46 AM - ERROR - Failed to update user | ReferenceError: review is not defined (sid: PRvFAJCXK7jz7Tekiv6-Ly-MmN9CwU2J)
5/24/2021, 11:11:12 AM - INFO - Req from: Puki Normativi? (sid: PRvFAJCXK7jz7Tekiv6-Ly-MmN9CwU2J)
5/24/2021, 11:11:12 AM - INFO - Req from: Puki Normativi? (sid: PRvFAJCXK7jz7Tekiv6-Ly-MmN9CwU2J)
5/24/2021, 11:16:08 AM - INFO - Server is running on port: 3030 
5/24/2021, 11:16:29 AM - INFO - Server is running on port: 3030 
5/24/2021, 11:23:46 AM - INFO - Server is running on port: 3030 
5/24/2021, 11:24:28 AM - INFO - Server is running on port: 3030 
5/24/2021, 12:24:01 PM - INFO - Server is running on port: 3030 
5/24/2021, 12:24:47 PM - INFO - Server is running on port: 3030 
5/24/2021, 12:25:21 PM - INFO - Server is running on port: 3030 
5/24/2021, 12:39:39 PM - INFO - Server is running on port: 3030 
5/24/2021, 12:41:34 PM - INFO - Server is running on port: 3030 
5/24/2021, 12:49:31 PM - INFO - Server is running on port: 3030 
5/24/2021, 12:50:05 PM - INFO - Server is running on port: 3030 
5/24/2021, 3:05:42 PM - INFO - Server is running on port: 3030 
5/24/2021, 5:08:05 PM - INFO - Server is running on port: 3030 
5/24/2021, 5:08:11 PM - INFO - Server is running on port: 3030 
5/24/2021, 5:40:24 PM - INFO - Server is running on port: 3030 
5/24/2021, 5:41:00 PM - INFO - Server is running on port: 3030 
5/24/2021, 5:44:28 PM - INFO - Server is running on port: 3030 
5/25/2021, 10:08:56 AM - INFO - Server is running on port: 3030 
5/25/2021, 10:14:48 AM - INFO - Server is running on port: 3030 
5/25/2021, 10:17:46 AM - INFO - Server is running on port: 3030 
5/25/2021, 10:24:21 AM - INFO - Server is running on port: 3030 
5/25/2021, 10:24:54 AM - INFO - Server is running on port: 3030 
5/25/2021, 10:27:13 AM - INFO - Server is running on port: 3030 
5/25/2021, 10:27:34 AM - DEBUG - auth.service - login with username: admin (sid: 1cWFpv5G7z1mFIqUiSKl31Zzh7Ip3iN5)
5/25/2021, 10:27:41 AM - INFO - Req from: Master Adminov (sid: 1cWFpv5G7z1mFIqUiSKl31Zzh7Ip3iN5)
5/25/2021, 10:28:00 AM - DEBUG - Shouldnt happen, No socket in map (sid: 1cWFpv5G7z1mFIqUiSKl31Zzh7Ip3iN5)
5/25/2021, 10:28:00 AM - ERROR - Failed to update user | ReferenceError: review is not defined (sid: 1cWFpv5G7z1mFIqUiSKl31Zzh7Ip3iN5)
5/25/2021, 11:23:44 AM - INFO - Server is running on port: 3030 
5/25/2021, 11:25:30 AM - INFO - Server is running on port: 3030 
5/25/2021, 11:25:41 AM - INFO - Server is running on port: 3030 
5/25/2021, 11:25:50 AM - INFO - Server is running on port: 3030 
5/25/2021, 11:26:11 AM - INFO - Server is running on port: 3030 
5/25/2021, 11:26:28 AM - DEBUG - auth.service - login with username: babush (sid: q9QgruWgik16OG5D8u0gFrkNpKfY2OSc)
5/25/2021, 11:28:57 AM - DEBUG - auth.service - login with username: user1 (sid: dxgD9kf8XM9ZDpqDNaPLXyoDZNrm-z77)
5/25/2021, 11:39:25 AM - DEBUG - auth.service - login with username: babush (sid: EfepvdaIGrDR2M-Pg0FKpkETI4A0vD6E)
5/25/2021, 11:39:33 AM - DEBUG - auth.service - login with username: user1 (sid: dxgD9kf8XM9ZDpqDNaPLXyoDZNrm-z77)
5/25/2021, 11:41:33 AM - INFO - Server is running on port: 3030 
5/25/2021, 12:18:09 PM - INFO - Server is running on port: 3030 
5/25/2021, 12:18:13 PM - INFO - Server is running on port: 3030 
5/25/2021, 12:28:27 PM - DEBUG - auth.service - login with username: babush (sid: bts9gppOE3bqzNtUQlSMpV6RqsqXa7F7)
5/25/2021, 12:29:01 PM - INFO - Req from: Babush (sid: bts9gppOE3bqzNtUQlSMpV6RqsqXa7F7)
5/25/2021, 12:39:55 PM - INFO - Server is running on port: 3030 
5/25/2021, 12:40:48 PM - INFO - Server is running on port: 3030 
5/25/2021, 2:21:21 PM - INFO - Server is running on port: 3030 
5/25/2021, 2:30:25 PM - DEBUG - auth.service - login with username: admin (sid: nMLqjYwmq0uCACvKVv-0hfz5z2TiC0lQ)
5/25/2021, 2:31:36 PM - INFO - Req from: Master Adminov (sid: nMLqjYwmq0uCACvKVv-0hfz5z2TiC0lQ)
5/25/2021, 4:51:36 PM - INFO - Server is running on port: 3030 
6/8/2021, 11:25:57 AM - INFO - Server is running on port: 3030 
6/8/2021, 11:27:09 AM - ERROR - cannot find stays | TypeError: dbService.getDB is not a function (sid: DxVvS-XGiBA0a_Gs8ehoXQ0sD2AgkgM7)
6/8/2021, 11:27:09 AM - ERROR - Failed to get stays | TypeError: dbService.getDB is not a function (sid: DxVvS-XGiBA0a_Gs8ehoXQ0sD2AgkgM7)
6/8/2021, 11:28:19 AM - INFO - Server is running on port: 3030 
6/8/2021, 11:28:42 AM - INFO - Server is running on port: 3030 
6/8/2021, 11:28:48 AM - INFO - Server is running on port: 3030 
6/8/2021, 11:30:22 AM - INFO - Server is running on port: 3030 
6/8/2021, 11:30:29 AM - ERROR - cannot find stays | TypeError: Cannot read property 'collection' of null (sid: RmgHUqC1E_S1FJWrYnW4bfNVzY-5lJ8n)
6/8/2021, 11:30:29 AM - ERROR - Failed to get stays | TypeError: Cannot read property 'collection' of null (sid: RmgHUqC1E_S1FJWrYnW4bfNVzY-5lJ8n)
6/8/2021, 11:35:19 AM - INFO - Server is running on port: 3030 
6/8/2021, 11:35:23 AM - ERROR - cannot find stays | TypeError: dbService.getCollection(...).find is not a function (sid: rAKB2Uof1qtbrHS9sgeuBqfsa0_Qvd2v)
6/8/2021, 11:35:23 AM - ERROR - Failed to get stays | TypeError: dbService.getCollection(...).find is not a function (sid: rAKB2Uof1qtbrHS9sgeuBqfsa0_Qvd2v)
6/8/2021, 11:35:25 AM - ERROR - cannot find stays | TypeError: dbService.getCollection(...).find is not a function (sid: rAKB2Uof1qtbrHS9sgeuBqfsa0_Qvd2v)
6/8/2021, 11:35:25 AM - ERROR - Failed to get stays | TypeError: dbService.getCollection(...).find is not a function (sid: rAKB2Uof1qtbrHS9sgeuBqfsa0_Qvd2v)
6/8/2021, 11:37:51 AM - INFO - Server is running on port: 3030 
6/8/2021, 11:39:17 AM - INFO - Server is running on port: 3030 
6/8/2021, 11:40:40 AM - INFO - Server is running on port: 3030 
6/8/2021, 11:50:02 AM - INFO - Server is running on port: 3030 
6/8/2021, 11:52:49 AM - INFO - Server is running on port: 3030 
6/8/2021, 12:17:32 PM - INFO - Server is running on port: 3030 
6/8/2021, 12:46:31 PM - INFO - Server is running on port: 3030 
6/8/2021, 1:03:22 PM - INFO - Server is running on port: 3030 
6/8/2021, 1:07:18 PM - INFO - Server is running on port: 3030 
8.6.2021, 13:10:50 - INFO - Server is running on port: 3030 
8.6.2021, 15:18:08 - INFO - Server is running on port: 3030 
8.6.2021, 15:18:14 - INFO - Server is running on port: 3030 
8.6.2021, 18:39:47 - INFO - Server is running on port: 3030 
8.6.2021, 19:01:25 - DEBUG - Shouldnt happen, No socket in map (sid: UMc1cK4IzzWCn1InOPZ0yc_6l3uezqG6)
8.6.2021, 19:01:25 - ERROR - Failed to add order | TypeError: Cannot read property '_id' of undefined (sid: UMc1cK4IzzWCn1InOPZ0yc_6l3uezqG6)
8.6.2021, 19:04:57 - DEBUG - Shouldnt happen, No socket in map (sid: UMc1cK4IzzWCn1InOPZ0yc_6l3uezqG6)
8.6.2021, 19:04:57 - ERROR - Failed to add order | TypeError: Cannot read property '_id' of undefined (sid: UMc1cK4IzzWCn1InOPZ0yc_6l3uezqG6)
8.6.2021, 19:07:33 - DEBUG - Shouldnt happen, No socket in map (sid: UMc1cK4IzzWCn1InOPZ0yc_6l3uezqG6)
8.6.2021, 19:07:33 - ERROR - Failed to add order | TypeError: Cannot read property '_id' of undefined (sid: UMc1cK4IzzWCn1InOPZ0yc_6l3uezqG6)
8.6.2021, 19:08:28 - INFO - Server is running on port: 3030 
8.6.2021, 19:13:49 - INFO - Server is running on port: 3030 
8.6.2021, 19:36:02 - INFO - Server is running on port: 3030 
8.6.2021, 19:41:47 - INFO - Server is running on port: 3030 
8.6.2021, 20:02:42 - DEBUG - auth.service - login with username: user1 (sid: 2dhhZ-RJUfw5OUoIHxoy7oAOptpw8vWj)
9.6.2021, 0:09:50 - INFO - Server is running on port: 3030 
9.6.2021, 0:41:01 - INFO - Server is running on port: 3030 
9.6.2021, 12:17:07 - INFO - Server is running on port: 3030 
9.6.2021, 12:19:47 - ERROR - while finding stay 10006546 | Error: Argument passed in must be a single String of 12 bytes or a string of 24 hex characters (sid: BeS37EOcsGvnvZZ_OyA5CqHkGJ8xbiOg)
9.6.2021, 12:19:47 - ERROR - Failed to get stay | Error: Argument passed in must be a single String of 12 bytes or a string of 24 hex characters (sid: BeS37EOcsGvnvZZ_OyA5CqHkGJ8xbiOg)
9.6.2021, 12:20:15 - INFO - Server is running on port: 3030 
15.6.2021, 12:29:45 - INFO - Server is running on port: 3030 
15.6.2021, 12:31:00 - INFO - Server is running on port: 3030 
28.6.2021, 16:44:24 - INFO - Server is running on port: 3030 
28.6.2021, 16:45:00 - DEBUG - auth.service - login with username: user2 (sid: z6rV9FPXMbYdooUJV-s9h1BNLFtTnk1A)
28.6.2021, 18:38:27 - INFO - Server is running on port: 3030 
28.6.2021, 18:47:51 - INFO - Server is running on port: 3030 
28.6.2021, 18:52:28 - INFO - Server is running on port: 3030 
28.6.2021, 18:59:27 - INFO - Server is running on port: 3030 
28.6.2021, 19:25:53 - INFO - Server is running on port: 3030 
28.6.2021, 19:51:49 - INFO - Server is running on port: 3030 
28.6.2021, 19:52:05 - INFO - Server is running on port: 3030 
28.6.2021, 19:53:30 - INFO - Server is running on port: 3030 
29.6.2021, 12:20:13 - INFO - Server is running on port: 3030 
29.6.2021, 12:33:06 - INFO - Server is running on port: 3030 
29.6.2021, 12:33:38 - INFO - Server is running on port: 3030 
29.6.2021, 12:34:55 - INFO - Server is running on port: 3030 
5.7.2021, 14:12:12 - INFO - Server is running on port: 3030 
5.7.2021, 15:38:43 - INFO - Server is running on port: 3030 
5.7.2021, 15:55:52 - DEBUG - auth.service - login with username: user2 (sid: U2OHj_Z0uD30UiEBCGgDFVmkNEd9fMl8)
11.7.2021, 11:58:23 - INFO - Server is running on port: 3030 
13.7.2021, 13:34:56 - INFO - Server is running on port: 3030 
13.7.2021, 13:35:26 - INFO - Server is running on port: 3030 
14.7.2021, 17:50:24 - INFO - Server is running on port: 3030 
16.7.2021, 15:48:19 - INFO - Server is running on port: 3030 
17.7.2021, 20:01:39 - INFO - Server is running on port: 3030 
7/17/2021, 8:34:18 PM - INFO - Server is running on port: 3030 
7/17/2021, 8:53:36 PM - INFO - Server is running on port: 3030 
7/17/2021, 8:54:36 PM - INFO - Server is running on port: 3030 
7/17/2021, 9:09:36 PM - INFO - Server is running on port: 80 
7/17/2021, 9:16:00 PM - INFO - Server is running on port: 80 
7/17/2021, 9:30:41 PM - INFO - Server is running on port: 80 
7/17/2021, 9:32:11 PM - INFO - Server is running on port: 80 
20.7.2021, 21:50:52 - INFO - Server is running on port: 80 
20.7.2021, 21:54:24 - INFO - Server is running on port: 80 
20.7.2021, 21:56:27 - INFO - Server is running on port: 80 
20.7.2021, 21:56:43 - INFO - Server is running on port: 3030 
21.7.2021, 19:34:16 - INFO - Server is running on port: 3030 
26.7.2021, 14:34:21 - INFO - Server is running on port: 3030 
26.7.2021, 14:37:48 - INFO - Server is running on port: 3030 
26.7.2021, 14:44:18 - INFO - Server is running on port: 3030 
26.7.2021, 14:46:28 - INFO - Server is running on port: 3030 
26.7.2021, 14:53:37 - INFO - Server is running on port: 3030 
26.7.2021, 15:00:58 - INFO - Server is running on port: 3030 
26.7.2021, 15:03:39 - INFO - Server is running on port: 3030 
26.7.2021, 15:04:38 - INFO - Server is running on port: 3030 
2.8.2021, 15:39:13 - INFO - Server is running on port: 3030 
2.8.2021, 15:41:30 - INFO - Server is running on port: 3030 
